2018-12-07,10:27:51,home,0,create user User7
2018-12-07,10:28:17,action-list,1.1,add new action: action1
2018-12-07,10:29:10,new-action/perception:action1,2.1.1,detect action conditions: Precondition
2018-12-07,10:29:24,new-action/perception:action1,2.1.2,change type to: base
2018-12-07,10:29:32,new-action/perception:action1,2.0.1,refresh view
2018-12-07,10:30:00,new-action/demonstration:action1,2.0.2,save action: action1
2018-12-07,10:30:00,new-action/demonstration:action1,2.0.5,switch to: demonstration
2018-12-07,10:30:45,new-action/demonstration:action1,2.2.1,start demo: move-vacuum-base
2018-12-07,10:31:12,new-action/demonstration:action1,2.2.2,stop demo
2018-12-07,10:31:19,new-action/demonstration:action1,2.2.4,start replay:move-vacuum-base
2018-12-07,10:32:16,new-action/actionModel:action1,2.0.2,save action: action1
2018-12-07,10:32:16,new-action/actionModel:action1,2.0.5,switch to: actionModel
2018-12-07,10:32:47,new-action/actionModel:action1,2.1.1,detect action conditions: Effect
2018-12-07,10:33:04,new-action/actionModel:action1,2.3.3,generate complete action
2018-12-07,10:33:04,new-action/actionModel:action1,2.0.2,save action: action1
2018-12-07,10:33:16,new-action/perception:action1,2.0.2,save action: action1
2018-12-07,10:33:16,new-action/perception:action1,2.0.5,switch to: perception
2018-12-07,10:33:20,new-action/perception:action1,2.1.2,change type to: base
2018-12-07,10:33:24,new-action/actionModel:action1,2.0.2,save action: action1
2018-12-07,10:33:24,new-action/actionModel:action1,2.0.5,switch to: actionModel
2018-12-07,10:33:56,new-action/actionModel:action1,2.0.2,save action: action1
2018-12-07,10:33:56,new-action/actionModel:action1,2.0.4,renamed action to Vacuum
2018-12-07,10:33:56,new-action/actionModel:action1,2.0.3,quit action: action1
2018-12-07,10:35:39,problem-list,3.1,add new problem: problem1
2018-12-07,10:36:03,new-problem/perception:problem1,4.1.1,detect initial states: initial
2018-12-07,10:36:16,new-problem/perception:problem1,4.1.2,change type to: base
2018-12-07,10:36:25,new-problem/perception:problem1,4.0.2,save problem: problem1
2018-12-07,10:36:32,new-problem/perception:problem1,4.0.1,refresh view
2018-12-07,10:37:29,new-problem/problemModel:problem1,4.0.2,save problem: problem1
2018-12-07,10:37:29,new-problem/problemModel:problem1,4.0.5,switch to: problemModel
2018-12-07,10:38:24,new-problem/generatedPlan:problem1,4.2.3,solve problem
2018-12-07,10:38:36,new-problem/generatedPlan:problem1,4.3.1,show hints
2018-12-07,10:39:27,new-problem/problemModel:problem1,4.0.2,save problem: problem1
2018-12-07,10:39:27,new-problem/problemModel:problem1,4.0.5,switch to: problemModel
2018-12-07,10:39:33,new-problem/generatedPlan:problem1,4.2.3,solve problem
2018-12-07,10:41:31,new-problem/perception:problem1,4.0.2,save problem: problem1
2018-12-07,10:41:31,new-problem/perception:problem1,4.0.5,switch to: perception
2018-12-07,10:41:33,new-problem/problemModel:problem1,4.0.2,save problem: problem1
2018-12-07,10:41:33,new-problem/problemModel:problem1,4.0.5,switch to: problemModel
2018-12-07,10:41:40,new-problem/problemModel:problem1,4.2.2,delete goal state:obj1 on
2018-12-07,10:41:43,new-problem/generatedPlan:problem1,4.2.3,solve problem
2018-12-07,10:41:43,new-problem/generatedPlan:problem1,4.3.0,no steps generated
2018-12-07,10:42:04,new-problem/generatedPlan:problem1,4.3.2,execute plan
2018-12-07,10:43:01,new-problem/generatedPlan:problem1,4.0.3,quit problem: problem1
2018-12-07,10:43:10,problem-list,3.1,add new problem: problem2
2018-12-07,10:43:29,new-problem/perception:problem2,4.1.1,detect initial states: initial
2018-12-07,10:43:35,new-problem/perception:problem2,4.1.2,change type to: base
2018-12-07,10:43:38,new-problem/perception:problem2,4.1.2,change type to: base
2018-12-07,10:43:43,new-problem/perception:problem2,4.0.2,save problem: problem2
2018-12-07,10:43:55,new-problem/problemModel:problem2,4.0.2,save problem: problem2
2018-12-07,10:43:55,new-problem/problemModel:problem2,4.0.5,switch to: problemModel
2018-12-07,10:44:11,new-problem/problemModel:problem2,4.0.1,refresh view
2018-12-07,10:44:53,new-problem/generatedPlan:problem2,4.2.3,solve problem
2018-12-07,10:44:53,new-problem/generatedPlan:problem2,4.3.0,no steps generated
2018-12-07,10:45:55,new-problem/generatedPlan:problem2,4.3.2,execute plan
2018-12-07,10:46:27,new-problem/generatedPlan:problem2,4.3.1,show hints
2018-12-07,10:48:13,action-list,1.2,open action: Vacuum
2018-12-07,10:48:30,new-action/actionModel:Vacuum,2.0.2,save action: Vacuum
2018-12-07,10:48:30,new-action/actionModel:Vacuum,2.0.5,switch to: actionModel
2018-12-07,10:48:57,new-action/actionModel:Vacuum,2.3.2,add precondition:posM clear
2018-12-07,10:49:22,new-action/actionModel:Vacuum,2.0.2,save action: Vacuum
2018-12-07,10:49:30,problem-list,3.2,open problem: problem2
2018-12-07,10:49:30,new-problem/perception:problem2,4.3.0,no steps generated
2018-12-07,10:49:43,problem-list,3.2,open problem: problem2
2018-12-07,10:49:43,new-problem/perception:problem2,4.3.0,no steps generated
2018-12-07,10:49:50,new-problem/problemModel:problem2,4.0.2,save problem: problem2
2018-12-07,10:49:50,new-problem/problemModel:problem2,4.0.5,switch to: problemModel
2018-12-07,10:49:53,new-problem/generatedPlan:problem2,4.2.3,solve problem
2018-12-07,10:50:12,new-problem/generatedPlan:problem2,4.3.1,show hints
2018-12-07,10:50:30,action-list,1.2,open action: Vacuum
2018-12-07,10:50:35,new-action/actionModel:Vacuum,2.0.2,save action: Vacuum
2018-12-07,10:50:35,new-action/actionModel:Vacuum,2.0.5,switch to: actionModel
2018-12-07,10:52:09,new-action/actionModel:Vacuum,2.3.2,add effect:posB clear
2018-12-07,10:52:32,new-action/actionModel:Vacuum,2.0.2,save action: Vacuum
2018-12-07,10:52:57,problem-list,3.2,open problem: problem2
2018-12-07,10:53:01,new-problem/problemModel:problem2,4.0.2,save problem: problem2
2018-12-07,10:53:01,new-problem/problemModel:problem2,4.0.5,switch to: problemModel
2018-12-07,10:53:03,new-problem/generatedPlan:problem2,4.2.3,solve problem
2018-12-07,10:53:03,new-problem/generatedPlan:problem2,4.3.0,no steps generated
2018-12-07,10:54:08,new-problem/generatedPlan:problem2,4.3.2,execute plan
2018-12-07,10:54:58,new-problem/generatedPlan:problem2,4.3.1,show hints
2018-12-07,10:55:32,new-problem/generatedPlan:problem2,4.0.2,save problem: problem2
2018-12-07,10:58:02,action-list,1.2,open action: Vacuum
2018-12-07,10:58:04,new-action/actionModel:Vacuum,2.0.2,save action: Vacuum
2018-12-07,10:58:04,new-action/actionModel:Vacuum,2.0.5,switch to: actionModel
2018-12-07,10:58:53,problem-list,3.1,add new problem: problem3
2018-12-07,10:59:23,new-problem/perception:problem3,4.1.1,detect initial states: initial
2018-12-07,10:59:30,new-problem/perception:problem3,4.0.1,refresh view
2018-12-07,10:59:39,new-problem/perception:problem3,4.1.2,change type to: base
2018-12-07,10:59:51,new-problem/problemModel:problem3,4.0.2,save problem: problem3
2018-12-07,10:59:51,new-problem/problemModel:problem3,4.0.5,switch to: problemModel
2018-12-07,11:00:24,new-problem/generatedPlan:problem3,4.2.3,solve problem
2018-12-07,11:00:34,new-problem/generatedPlan:problem3,4.3.1,show hints
2018-12-07,11:01:19,action-list,1.2,open action: Vacuum
2018-12-07,11:01:31,action-list,1.2,open action: Vacuum
2018-12-07,11:01:36,new-action/perception:Vacuum,2.1.2,change type to: object
2018-12-07,11:01:46,new-action/actionModel:Vacuum,2.0.2,save action: Vacuum
2018-12-07,11:01:46,new-action/actionModel:Vacuum,2.0.5,switch to: actionModel
2018-12-07,11:01:57,new-action/actionModel:Vacuum,2.0.2,save action: Vacuum
2018-12-07,11:02:01,problem-list,3.2,open problem: problem3
2018-12-07,11:02:12,problem-list,3.2,open problem: problem3
2018-12-07,11:02:16,new-problem/problemModel:problem3,4.0.2,save problem: problem3
2018-12-07,11:02:16,new-problem/problemModel:problem3,4.0.5,switch to: problemModel
2018-12-07,11:02:24,new-problem/generatedPlan:problem3,4.2.3,solve problem
2018-12-07,11:02:24,new-problem/generatedPlan:problem3,4.3.0,no steps generated
2018-12-07,11:02:42,action-list,1.2,open action: Vacuum
2018-12-07,11:02:52,action-list,1.2,open action: Vacuum
2018-12-07,11:02:55,new-action/actionModel:Vacuum,2.0.2,save action: Vacuum
2018-12-07,11:02:55,new-action/actionModel:Vacuum,2.0.5,switch to: actionModel
2018-12-07,11:04:09,new-action/perception:Vacuum,2.0.2,save action: Vacuum
2018-12-07,11:04:09,new-action/perception:Vacuum,2.0.5,switch to: perception
2018-12-07,11:04:27,new-action/actionModel:Vacuum,2.0.2,save action: Vacuum
2018-12-07,11:04:27,new-action/actionModel:Vacuum,2.0.5,switch to: actionModel
2018-12-07,11:04:31,new-action/perception:Vacuum,2.0.2,save action: Vacuum
2018-12-07,11:04:31,new-action/perception:Vacuum,2.0.5,switch to: perception
2018-12-07,11:04:40,new-action/perception:Vacuum,2.1.2,change type to: element
2018-12-07,11:05:04,new-action/actionModel:Vacuum,2.0.2,save action: Vacuum
2018-12-07,11:05:04,new-action/actionModel:Vacuum,2.0.5,switch to: actionModel
2018-12-07,11:05:28,new-action/actionModel:Vacuum,2.0.3,quit action: Vacuum
2018-12-07,11:05:34,problem-list,3.2,open problem: problem3
2018-12-07,11:05:34,new-problem/perception:problem3,4.3.0,no steps generated
2018-12-07,11:05:37,new-problem/problemModel:problem3,4.0.2,save problem: problem3
2018-12-07,11:05:37,new-problem/problemModel:problem3,4.0.5,switch to: problemModel
2018-12-07,11:05:44,new-problem/perception:problem3,4.0.2,save problem: problem3
2018-12-07,11:05:44,new-problem/perception:problem3,4.0.5,switch to: perception
2018-12-07,11:05:50,new-problem/problemModel:problem3,4.0.2,save problem: problem3
2018-12-07,11:05:50,new-problem/problemModel:problem3,4.0.5,switch to: problemModel
2018-12-07,11:05:55,new-problem/problemModel:problem3,4.2.2,delete goal state:obj2 on
2018-12-07,11:06:12,new-problem/generatedPlan:problem3,4.2.3,solve problem
2018-12-07,11:06:45,new-problem/generatedPlan:problem3,4.3.1,show hints
2018-12-07,11:07:24,new-problem/perception:problem3,4.0.2,save problem: problem3
2018-12-07,11:07:24,new-problem/perception:problem3,4.0.5,switch to: perception
2018-12-07,11:07:26,new-problem/problemModel:problem3,4.0.2,save problem: problem3
2018-12-07,11:07:26,new-problem/problemModel:problem3,4.0.5,switch to: problemModel
2018-12-07,11:07:39,new-problem/problemModel:problem3,4.2.2,delete goal state:obj2 on
2018-12-07,11:07:43,new-problem/generatedPlan:problem3,4.2.3,solve problem
2018-12-07,11:08:39,action-list,1.2,open action: Vacuum
2018-12-07,11:08:43,new-action/actionModel:Vacuum,2.0.2,save action: Vacuum
2018-12-07,11:08:43,new-action/actionModel:Vacuum,2.0.5,switch to: actionModel
2018-12-07,11:10:14,new-action/actionModel:Vacuum,2.3.2,add precondition:obj1 stackable
2018-12-07,11:11:05,new-action/actionModel:Vacuum,2.0.2,save action: Vacuum
2018-12-07,11:11:56,action-list,1.1,add new action: action2
2018-12-07,11:12:26,action-list,1.2,open action: action2
2018-12-07,11:12:48,new-action/perception:action2,2.1.1,detect action conditions: Precondition
2018-12-07,11:12:57,new-action/perception:action2,2.0.1,refresh view
2018-12-07,11:13:05,new-action/demonstration:action2,2.0.2,save action: action2
2018-12-07,11:13:05,new-action/demonstration:action2,2.0.5,switch to: demonstration
2018-12-07,11:13:15,new-action/demonstration:action2,2.2.1,start demo: move-electric-roof
2018-12-07,11:13:47,new-action/demonstration:action2,2.2.2,stop demo
2018-12-07,11:13:54,new-action/demonstration:action2,2.2.4,start replay:move-electric-roof
2018-12-07,11:14:33,new-action/actionModel:action2,2.0.2,save action: action2
2018-12-07,11:14:33,new-action/actionModel:action2,2.0.5,switch to: actionModel
2018-12-07,11:15:18,new-action/actionModel:action2,2.1.1,detect action conditions: Effect
2018-12-07,11:16:11,new-action/actionModel:action2,2.3.3,generate complete action
2018-12-07,11:16:11,new-action/actionModel:action2,2.0.2,save action: action2
2018-12-07,11:16:17,new-action/actionModel:action2,2.0.2,save action: action2
2018-12-07,11:16:21,new-action/actionModel:action2,2.0.3,quit action: action2
2018-12-07,11:16:38,problem-list,3.1,add new problem: problem4
2018-12-07,11:17:05,new-problem/perception:problem4,4.1.1,detect initial states: initial
2018-12-07,11:17:11,new-problem/perception:problem4,4.0.1,refresh view
2018-12-07,11:17:29,new-problem/perception:problem4,4.1.2,change type to: cube
2018-12-07,11:17:51,new-problem/problemModel:problem4,4.0.2,save problem: problem4
2018-12-07,11:17:51,new-problem/problemModel:problem4,4.0.5,switch to: problemModel
2018-12-07,11:18:07,new-problem/generatedPlan:problem4,4.2.3,solve problem
2018-12-07,11:18:08,new-problem/generatedPlan:problem4,4.3.0,no steps generated
2018-12-07,11:18:12,new-problem/generatedPlan:problem4,4.3.1,show hints
2018-12-07,11:19:08,action-list,1.2,open action: action2
2018-12-07,11:19:22,new-action/actionModel:action2,2.0.2,save action: action2
2018-12-07,11:19:22,new-action/actionModel:action2,2.0.4,renamed action to Grip
2018-12-07,11:19:22,new-action/actionModel:action2,2.0.3,quit action: action2
2018-12-07,11:19:22,new-action/actionModel:action2,2.0.5,switch to: actionModel
2018-12-07,11:19:26,action-list,1.2,open action: Grip
2018-12-07,11:19:27,new-action/actionModel:Grip,2.0.2,save action: Grip
2018-12-07,11:19:27,new-action/actionModel:Grip,2.0.5,switch to: actionModel
2018-12-07,11:19:31,new-action/perception:Grip,2.0.2,save action: Grip
2018-12-07,11:19:31,new-action/perception:Grip,2.0.5,switch to: perception
2018-12-07,11:19:34,new-action/perception:Grip,2.1.2,change type to: element
2018-12-07,11:19:40,new-action/perception:Grip,2.0.2,save action: Grip
2018-12-07,11:19:42,new-action/actionModel:Grip,2.0.2,save action: Grip
2018-12-07,11:19:42,new-action/actionModel:Grip,2.0.5,switch to: actionModel
2018-12-07,11:20:42,new-action/actionModel:Grip,2.3.2,add precondition:obj1 stackable
2018-12-07,11:20:51,new-action/actionModel:Grip,2.0.2,save action: Grip
2018-12-07,11:20:55,problem-list,3.2,open problem: problem4
2018-12-07,11:20:55,new-problem/perception:problem4,4.3.0,no steps generated
2018-12-07,11:21:04,new-problem/problemModel:problem4,4.0.2,save problem: problem4
2018-12-07,11:21:04,new-problem/problemModel:problem4,4.0.5,switch to: problemModel
2018-12-07,11:21:08,new-problem/generatedPlan:problem4,4.2.3,solve problem
2018-12-07,11:21:11,new-problem/generatedPlan:problem4,4.3.1,show hints
2018-12-07,11:21:50,new-problem/generatedPlan:problem4,4.3.2,execute plan
2018-12-07,11:22:28,problem-list,3.1,add new problem: problem5
2018-12-07,11:22:47,new-problem/perception:problem5,4.1.1,detect initial states: initial
2018-12-07,11:22:52,new-problem/perception:problem5,4.1.2,change type to: base
2018-12-07,11:22:57,new-problem/problemModel:problem5,4.0.2,save problem: problem5
2018-12-07,11:22:57,new-problem/problemModel:problem5,4.0.5,switch to: problemModel
2018-12-07,11:23:48,new-problem/generatedPlan:problem5,4.2.3,solve problem
2018-12-07,11:23:48,new-problem/generatedPlan:problem5,4.3.0,no steps generated
2018-12-07,11:25:06,new-problem/generatedPlan:problem5,4.3.2,execute plan
2018-12-07,11:47:59,new-problem/generatedPlan:problem5,4.3.1,show hints
2018-12-07,11:49:55,new-problem/perception:problem5,4.0.2,save problem: problem5
2018-12-07,11:49:55,new-problem/perception:problem5,4.0.5,switch to: perception
2018-12-07,11:51:18,problem-list,3.2,open problem: problem5
2018-12-07,11:51:18,new-problem/perception:problem5,4.3.0,no steps generated
2018-12-07,11:54:29,problem-list,3.2,open problem: problem5
2018-12-07,11:54:29,new-problem/perception:problem5,4.3.0,no steps generated
2018-12-07,11:56:31,action-list,1.2,open action: Grip
2018-12-07,11:56:53,new-action/perception:Grip,2.0.3,quit action: Grip
2018-12-07,11:57:23,action-list,1.2,open action: Grip
2018-12-07,11:57:26,new-action/perception:Grip,2.0.3,quit action: Grip
2018-12-07,11:58:07,problem-list,3.2,open problem: problem1
2018-12-07,11:58:07,new-problem/perception:problem1,4.3.0,no steps generated
2018-12-07,11:58:08,new-problem/problemModel:problem1,4.0.2,save problem: problem1
2018-12-07,11:58:08,new-problem/problemModel:problem1,4.0.5,switch to: problemModel
2018-12-07,11:58:09,new-problem/generatedPlan:problem1,4.0.2,save problem: problem1
2018-12-07,11:58:09,new-problem/generatedPlan:problem1,4.0.5,switch to: generatedPlan
2018-12-07,11:58:12,new-problem/generatedPlan:problem1,4.0.3,quit problem: problem1
2018-12-07,11:58:13,problem-list,3.2,open problem: problem2
2018-12-07,11:58:14,new-problem/perception:problem2,4.3.0,no steps generated
2018-12-07,11:59:14,new-problem/generatedPlan:problem2,4.0.2,save problem: problem2
2018-12-07,11:59:14,new-problem/generatedPlan:problem2,4.0.5,switch to: generatedPlan
2018-12-07,11:59:22,new-problem/problemModel:problem2,4.0.2,save problem: problem2
2018-12-07,11:59:22,new-problem/problemModel:problem2,4.0.5,switch to: problemModel
2018-12-07,11:59:25,new-problem/generatedPlan:problem2,4.2.3,solve problem
2018-12-07,11:59:31,new-problem/generatedPlan:problem2,4.3.1,show hints
2018-12-07,11:59:58,new-problem/generatedPlan:problem2,4.0.3,quit problem: problem2
2018-12-07,12:02:02,problem-list,3.2,open problem: problem3
2018-12-07,12:02:02,new-problem/perception:problem3,4.3.0,no steps generated
2018-12-07,12:02:06,new-problem/perception:problem3,4.0.3,quit problem: problem3
2018-12-07,12:02:07,problem-list,3.2,open problem: problem2
2018-12-07,12:02:07,new-problem/perception:problem2,4.3.0,no steps generated
2018-12-07,12:02:17,new-problem/generatedPlan:problem2,4.0.2,save problem: problem2
2018-12-07,12:02:17,new-problem/generatedPlan:problem2,4.0.5,switch to: generatedPlan
2018-12-07,12:02:18,new-problem/generatedPlan:problem2,4.3.1,show hints
2018-12-07,12:25:13,problem-list,3.2,open problem: problem3
2018-12-07,12:25:13,new-problem/perception:problem3,4.3.0,no steps generated
2018-12-07,12:25:14,new-problem/problemModel:problem3,4.0.2,save problem: problem3
2018-12-07,12:25:14,new-problem/problemModel:problem3,4.0.5,switch to: problemModel
2018-12-07,12:25:18,new-problem/problemModel:problem3,4.0.3,quit problem: problem3
2018-12-07,12:25:19,problem-list,3.2,open problem: problem2
2018-12-07,12:25:19,new-problem/perception:problem2,4.3.0,no steps generated
2018-12-07,12:25:20,new-problem/problemModel:problem2,4.0.2,save problem: problem2
2018-12-07,12:25:20,new-problem/problemModel:problem2,4.0.5,switch to: problemModel
2018-12-07,12:25:22,new-problem/generatedPlan:problem2,4.2.3,solve problem
2018-12-07,12:32:06,new-problem/problemModel:problem2,4.0.2,save problem: problem2
2018-12-07,12:32:06,new-problem/problemModel:problem2,4.0.5,switch to: problemModel
2018-12-07,12:32:22,problem-list,3.2,open problem: problem2
2018-12-07,12:32:22,new-problem/perception:problem2,4.3.0,no steps generated
2018-12-07,12:32:24,new-problem/generatedPlan:problem2,4.0.2,save problem: problem2
2018-12-07,12:32:24,new-problem/generatedPlan:problem2,4.0.5,switch to: generatedPlan
2018-12-07,12:32:24,new-problem/problemModel:problem2,4.0.2,save problem: problem2
2018-12-07,12:32:24,new-problem/problemModel:problem2,4.0.5,switch to: problemModel
2018-12-07,12:32:25,new-problem/generatedPlan:problem2,4.2.3,solve problem
2018-12-07,12:35:23,problem-list,3.2,open problem: problem2
2018-12-07,12:35:23,new-problem/perception:problem2,4.3.0,no steps generated
2018-12-07,12:35:24,new-problem/problemModel:problem2,4.0.2,save problem: problem2
2018-12-07,12:35:24,new-problem/problemModel:problem2,4.0.5,switch to: problemModel
2018-12-07,12:35:25,new-problem/generatedPlan:problem2,4.2.3,solve problem
2018-12-07,12:42:19,new-problem/generatedPlan:problem2,4.0.3,quit problem: problem2
2018-12-07,12:42:20,problem-list,3.2,open problem: problem1
2018-12-07,12:42:20,new-problem/perception:problem1,4.3.0,no steps generated
2018-12-07,12:42:21,new-problem/problemModel:problem1,4.0.2,save problem: problem1
2018-12-07,12:42:21,new-problem/problemModel:problem1,4.0.5,switch to: problemModel
2018-12-07,12:42:22,new-problem/generatedPlan:problem1,4.0.2,save problem: problem1
2018-12-07,12:42:22,new-problem/generatedPlan:problem1,4.0.5,switch to: generatedPlan
2018-12-07,12:42:22,new-problem/problemModel:problem1,4.0.2,save problem: problem1
2018-12-07,12:42:22,new-problem/problemModel:problem1,4.0.5,switch to: problemModel
2018-12-07,12:42:24,new-problem/problemModel:problem1,4.2.2,delete goal state:obj1 on
2018-12-07,12:42:30,new-problem/generatedPlan:problem1,4.2.3,solve problem
2018-12-07,12:42:37,new-problem/problemModel:problem1,4.0.2,save problem: problem1
2018-12-07,12:42:37,new-problem/problemModel:problem1,4.0.5,switch to: problemModel
2018-12-07,12:42:39,new-problem/problemModel:problem1,4.0.3,quit problem: problem1
2018-12-07,12:42:40,problem-list,3.2,open problem: problem2
2018-12-07,12:42:40,new-problem/perception:problem2,4.3.0,no steps generated
2018-12-07,12:42:42,new-problem/generatedPlan:problem2,4.0.2,save problem: problem2
2018-12-07,12:42:42,new-problem/generatedPlan:problem2,4.0.5,switch to: generatedPlan
